[2020-12-20 15:38:33] local.ERROR: Unsuccessful Authorization {"exception":"[object] (Edujugon\\Laradoo\\Exceptions\\OdooException(code: 0): Unsuccessful Authorization at C:\\Users\\wacef\\Desktop\\ISET\\DSI32\\Projet d'integration\\Workspace\\PiLaravel\\blog\\vendor\\edujugon\\laradoo\\src\\Odoo.php:637)
[stacktrace]
#0 C:\\Users\\wacef\\Desktop\\ISET\\DSI32\\Projet d'integration\\Workspace\\PiLaravel\\blog\\vendor\\edujugon\\laradoo\\src\\Odoo.php(156): Edujugon\\Laradoo\\Odoo->auth('shopping1', 'wacef.stratrait...', 'admin', Array)
#1 C:\\Users\\wacef\\Desktop\\ISET\\DSI32\\Projet d'integration\\Workspace\\PiLaravel\\blog\\app\\Http\\Controllers\\Api\\Api.php(25): Edujugon\\Laradoo\\Odoo->connect()
#2 [internal function]: App\\Http\\Controllers\\Api\\Api->login(Object(Illuminate\\Http\\Request))
#3 C:\\Users\\wacef\\Desktop\\ISET\\DSI32\\Projet d'integration\\Workspace\\PiLaravel\\blog\\vendor\\laravel\\framework\\src\\Illuminate\\Routing\\Controller.php(54): call_user_func_array(Array, Array)
#4 C:\\Users\\wacef\\Desktop\\ISET\\DSI32\\Projet d'integration\\Workspace\\PiLaravel\\blog\\vendor\\laravel\\framework\\src\\Illuminate\\Routing\\ControllerDispatcher.php(45): Illuminate\\Routing\\Controller->callAction('login', Array)
#5 C:\\Users\\wacef\\Desktop\\ISET\\DSI32\\Projet d'integration\\Workspace\\PiLaravel\\blog\\vendor\\laravel\\framework\\src\\Illuminate\\Routing\\Route.php(219): Illuminate\\Routing\\ControllerDispatcher->dispatch(Object(Illuminate\\Routing\\Route), Object(App\\Http\\Controllers\\Api\\Api), 'login')
#6 C:\\Users\\wacef\\Desktop\\ISET\\DSI32\\Projet d'integration\\Workspace\\PiLaravel\\blog\\vendor\\laravel\\framework\\src\\Illuminate\\Routing\\Route.php(176): Illuminate\\Routing\\Route->runController()
#7 C:\\Users\\wacef\\Desktop\\ISET\\DSI32\\Projet d'integration\\Workspace\\PiLaravel\\blog\\vendor\\laravel\\framework\\src\\Illuminate\\Routing\\Router.php(680): Illuminate\\Routing\\Route->run()
#8 C:\\Users\\wacef\\Desktop\\ISET\\DSI32\\Projet d'integration\\Workspace\\PiLaravel\\blog\\vendor\\laravel\\framework\\src\\Illuminate\\Routing\\Pipeline.php(30): Illuminate\\Routing\\Router->Illuminate\\Routing\\{closure}(Object(Illuminate\\Http\\Request))
#9 C:\\Users\\wacef\\Desktop\\ISET\\DSI32\\Projet d'integration\\Workspace\\PiLaravel\\blog\\vendor\\laravel\\framework\\src\\Illuminate\\Routing\\Middleware\\SubstituteBindings.php(41): Illuminate\\Routing\\Pipeline->Illuminate\\Routing\\{closure}(Object(Illuminate\\Http\\Request))
#10 C:\\Users\\wacef\\Desktop\\ISET\\DSI32\\Projet d'integration\\Workspace\\PiLaravel\\blog\\vendor\\laravel\\framework\\src\\Illuminate\\Pipeline\\Pipeline.php(163): Illuminate\\Routing\\Middleware\\SubstituteBindings->handle(Object(Illuminate\\Http\\Request), Object(Closure))
#11 C:\\Users\\wacef\\Desktop\\ISET\\DSI32\\Projet d'integration\\Workspace\\PiLaravel\\blog\\vendor\\laravel\\framework\\src\\Illuminate\\Routing\\Pipeline.php(53): Illuminate\\Pipeline\\Pipeline->Illuminate\\Pipeline\\{closure}(Object(Illuminate\\Http\\Request))
#12 C:\\Users\\wacef\\Desktop\\ISET\\DSI32\\Projet d'integration\\Workspace\\PiLaravel\\blog\\vendor\\laravel\\framework\\src\\Illuminate\\Routing\\Middleware\\ThrottleRequests.php(58): Illuminate\\Routing\\Pipeline->Illuminate\\Routing\\{closure}(Object(Illuminate\\Http\\Request))
#13 C:\\Users\\wacef\\Desktop\\ISET\\DSI32\\Projet d'integration\\Workspace\\PiLaravel\\blog\\vendor\\laravel\\framework\\src\\Illuminate\\Pipeline\\Pipeline.php(163): Illuminate\\Routing\\Middleware\\ThrottleRequests->handle(Object(Illuminate\\Http\\Request), Object(Closure), 60, '1')
#14 C:\\Users\\wacef\\Desktop\\ISET\\DSI32\\Projet d'integration\\Workspace\\PiLaravel\\blog\\vendor\\laravel\\framework\\src\\Illuminate\\Routing\\Pipeline.php(53): Illuminate\\Pipeline\\Pipeline->Illuminate\\Pipeline\\{closure}(Object(Illuminate\\Http\\Request))
#15 C:\\Users\\wacef\\Desktop\\ISET\\DSI32\\Projet d'integration\\Workspace\\PiLaravel\\blog\\vendor\\laravel\\framework\\src\\Illuminate\\Pipeline\\Pipeline.php(104): Illuminate\\Routing\\Pipeline->Illuminate\\Routing\\{closure}(Object(Illuminate\\Http\\Request))
#16 C:\\Users\\wacef\\Desktop\\ISET\\DSI32\\Projet d'integration\\Workspace\\PiLaravel\\blog\\vendor\\laravel\\framework\\src\\Illuminate\\Routing\\Router.php(682): Illuminate\\Pipeline\\Pipeline->then(Object(Closure))
#17 C:\\Users\\wacef\\Desktop\\ISET\\DSI32\\Projet d'integration\\Workspace\\PiLaravel\\blog\\vendor\\laravel\\framework\\src\\Illuminate\\Routing\\Router.php(657): Illuminate\\Routing\\Router->runRouteWithinStack(Object(Illuminate\\Routing\\Route), Object(Illuminate\\Http\\Request))
#18 C:\\Users\\wacef\\Desktop\\ISET\\DSI32\\Projet d'integration\\Workspace\\PiLaravel\\blog\\vendor\\laravel\\framework\\src\\Illuminate\\Routing\\Router.php(623): Illuminate\\Routing\\Router->runRoute(Object(Illuminate\\Http\\Request), Object(Illuminate\\Routing\\Route))
#19 C:\\Users\\wacef\\Desktop\\ISET\\DSI32\\Projet d'integration\\Workspace\\PiLaravel\\blog\\vendor\\laravel\\framework\\src\\Illuminate\\Routing\\Router.php(612): Illuminate\\Routing\\Router->dispatchToRoute(Object(Illuminate\\Http\\Request))
#20 C:\\Users\\wacef\\Desktop\\ISET\\DSI32\\Projet d'integration\\Workspace\\PiLaravel\\blog\\vendor\\laravel\\framework\\src\\Illuminate\\Foundation\\Http\\Kernel.php(176): Illuminate\\Routing\\Router->dispatch(Object(Illuminate\\Http\\Request))
#21 C:\\Users\\wacef\\Desktop\\ISET\\DSI32\\Projet d'integration\\Workspace\\PiLaravel\\blog\\vendor\\laravel\\framework\\src\\Illuminate\\Routing\\Pipeline.php(30): Illuminate\\Foundation\\Http\\Kernel->Illuminate\\Foundation\\Http\\{closure}(Object(Illuminate\\Http\\Request))
#22 C:\\Users\\wacef\\Desktop\\ISET\\DSI32\\Projet d'integration\\Workspace\\PiLaravel\\blog\\vendor\\laravel\\framework\\src\\Illuminate\\Foundation\\Http\\Middleware\\TransformsRequest.php(21): Illuminate\\Routing\\Pipeline->Illuminate\\Routing\\{closure}(Object(Illuminate\\Http\\Request))
#23 C:\\Users\\wacef\\Desktop\\ISET\\DSI32\\Projet d'integration\\Workspace\\PiLaravel\\blog\\vendor\\laravel\\framework\\src\\Illuminate\\Pipeline\\Pipeline.php(163): Illuminate\\Foundation\\Http\\Middleware\\TransformsRequest->handle(Object(Illuminate\\Http\\Request), Object(Closure))
#24 C:\\Users\\wacef\\Desktop\\ISET\\DSI32\\Projet d'integration\\Workspace\\PiLaravel\\blog\\vendor\\laravel\\framework\\src\\Illuminate\\Routing\\Pipeline.php(53): Illuminate\\Pipeline\\Pipeline->Illuminate\\Pipeline\\{closure}(Object(Illuminate\\Http\\Request))
#25 C:\\Users\\wacef\\Desktop\\ISET\\DSI32\\Projet d'integration\\Workspace\\PiLaravel\\blog\\vendor\\laravel\\framework\\src\\Illuminate\\Foundation\\Http\\Middleware\\TransformsRequest.php(21): Illuminate\\Routing\\Pipeline->Illuminate\\Routing\\{closure}(Object(Illuminate\\Http\\Request))
#26 C:\\Users\\wacef\\Desktop\\ISET\\DSI32\\Projet d'integration\\Workspace\\PiLaravel\\blog\\vendor\\laravel\\framework\\src\\Illuminate\\Pipeline\\Pipeline.php(163): Illuminate\\Foundation\\Http\\Middleware\\TransformsRequest->handle(Object(Illuminate\\Http\\Request), Object(Closure))
#27 C:\\Users\\wacef\\Desktop\\ISET\\DSI32\\Projet d'integration\\Workspace\\PiLaravel\\blog\\vendor\\laravel\\framework\\src\\Illuminate\\Routing\\Pipeline.php(53): Illuminate\\Pipeline\\Pipeline->Illuminate\\Pipeline\\{closure}(Object(Illuminate\\Http\\Request))
#28 C:\\Users\\wacef\\Desktop\\ISET\\DSI32\\Projet d'integration\\Workspace\\PiLaravel\\blog\\vendor\\laravel\\framework\\src\\Illuminate\\Foundation\\Http\\Middleware\\ValidatePostSize.php(27): Illuminate\\Routing\\Pipeline->Illuminate\\Routing\\{closure}(Object(Illuminate\\Http\\Request))
#29 C:\\Users\\wacef\\Desktop\\ISET\\DSI32\\Projet d'integration\\Workspace\\PiLaravel\\blog\\vendor\\laravel\\framework\\src\\Illuminate\\Pipeline\\Pipeline.php(163): Illuminate\\Foundation\\Http\\Middleware\\ValidatePostSize->handle(Object(Illuminate\\Http\\Request), Object(Closure))
#30 C:\\Users\\wacef\\Desktop\\ISET\\DSI32\\Projet d'integration\\Workspace\\PiLaravel\\blog\\vendor\\laravel\\framework\\src\\Illuminate\\Routing\\Pipeline.php(53): Illuminate\\Pipeline\\Pipeline->Illuminate\\Pipeline\\{closure}(Object(Illuminate\\Http\\Request))
#31 C:\\Users\\wacef\\Desktop\\ISET\\DSI32\\Projet d'integration\\Workspace\\PiLaravel\\blog\\vendor\\laravel\\framework\\src\\Illuminate\\Foundation\\Http\\Middleware\\CheckForMaintenanceMode.php(62): Illuminate\\Routing\\Pipeline->Illuminate\\Routing\\{closure}(Object(Illuminate\\Http\\Request))
#32 C:\\Users\\wacef\\Desktop\\ISET\\DSI32\\Projet d'integration\\Workspace\\PiLaravel\\blog\\vendor\\laravel\\framework\\src\\Illuminate\\Pipeline\\Pipeline.php(163): Illuminate\\Foundation\\Http\\Middleware\\CheckForMaintenanceMode->handle(Object(Illuminate\\Http\\Request), Object(Closure))
#33 C:\\Users\\wacef\\Desktop\\ISET\\DSI32\\Projet d'integration\\Workspace\\PiLaravel\\blog\\vendor\\laravel\\framework\\src\\Illuminate\\Routing\\Pipeline.php(53): Illuminate\\Pipeline\\Pipeline->Illuminate\\Pipeline\\{closure}(Object(Illuminate\\Http\\Request))
#34 C:\\Users\\wacef\\Desktop\\ISET\\DSI32\\Projet d'integration\\Workspace\\PiLaravel\\blog\\vendor\\fideloper\\proxy\\src\\TrustProxies.php(57): Illuminate\\Routing\\Pipeline->Illuminate\\Routing\\{closure}(Object(Illuminate\\Http\\Request))
#35 C:\\Users\\wacef\\Desktop\\ISET\\DSI32\\Projet d'integration\\Workspace\\PiLaravel\\blog\\vendor\\laravel\\framework\\src\\Illuminate\\Pipeline\\Pipeline.php(163): Fideloper\\Proxy\\TrustProxies->handle(Object(Illuminate\\Http\\Request), Object(Closure))
#36 C:\\Users\\wacef\\Desktop\\ISET\\DSI32\\Projet d'integration\\Workspace\\PiLaravel\\blog\\vendor\\laravel\\framework\\src\\Illuminate\\Routing\\Pipeline.php(53): Illuminate\\Pipeline\\Pipeline->Illuminate\\Pipeline\\{closure}(Object(Illuminate\\Http\\Request))
#37 C:\\Users\\wacef\\Desktop\\ISET\\DSI32\\Projet d'integration\\Workspace\\PiLaravel\\blog\\vendor\\laravel\\framework\\src\\Illuminate\\Pipeline\\Pipeline.php(104): Illuminate\\Routing\\Pipeline->Illuminate\\Routing\\{closure}(Object(Illuminate\\Http\\Request))
#38 C:\\Users\\wacef\\Desktop\\ISET\\DSI32\\Projet d'integration\\Workspace\\PiLaravel\\blog\\vendor\\laravel\\framework\\src\\Illuminate\\Foundation\\Http\\Kernel.php(151): Illuminate\\Pipeline\\Pipeline->then(Object(Closure))
#39 C:\\Users\\wacef\\Desktop\\ISET\\DSI32\\Projet d'integration\\Workspace\\PiLaravel\\blog\\vendor\\laravel\\framework\\src\\Illuminate\\Foundation\\Http\\Kernel.php(116): Illuminate\\Foundation\\Http\\Kernel->sendRequestThroughRouter(Object(Illuminate\\Http\\Request))
#40 C:\\Users\\wacef\\Desktop\\ISET\\DSI32\\Projet d'integration\\Workspace\\PiLaravel\\blog\\public\\index.php(55): Illuminate\\Foundation\\Http\\Kernel->handle(Object(Illuminate\\Http\\Request))
#41 C:\\Users\\wacef\\Desktop\\ISET\\DSI32\\Projet d'integration\\Workspace\\PiLaravel\\blog\\server.php(21): require_once('C:\\\\Users\\\\wacef\\\\...')
#42 {main}
"} 
[2020-12-20 15:39:11] local.ERROR: Unsuccessful Authorization {"exception":"[object] (Edujugon\\Laradoo\\Exceptions\\OdooException(code: 0): Unsuccessful Authorization at C:\\Users\\wacef\\Desktop\\ISET\\DSI32\\Projet d'integration\\Workspace\\PiLaravel\\blog\\vendor\\edujugon\\laradoo\\src\\Odoo.php:637)
[stacktrace]
#0 C:\\Users\\wacef\\Desktop\\ISET\\DSI32\\Projet d'integration\\Workspace\\PiLaravel\\blog\\vendor\\edujugon\\laradoo\\src\\Odoo.php(156): Edujugon\\Laradoo\\Odoo->auth('shopping1', 'wacef.stratrait...', 'admin', Array)
#1 C:\\Users\\wacef\\Desktop\\ISET\\DSI32\\Projet d'integration\\Workspace\\PiLaravel\\blog\\app\\Http\\Controllers\\Api\\Api.php(25): Edujugon\\Laradoo\\Odoo->connect()
#2 [internal function]: App\\Http\\Controllers\\Api\\Api->login(Object(Illuminate\\Http\\Request))
#3 C:\\Users\\wacef\\Desktop\\ISET\\DSI32\\Projet d'integration\\Workspace\\PiLaravel\\blog\\vendor\\laravel\\framework\\src\\Illuminate\\Routing\\Controller.php(54): call_user_func_array(Array, Array)
#4 C:\\Users\\wacef\\Desktop\\ISET\\DSI32\\Projet d'integration\\Workspace\\PiLaravel\\blog\\vendor\\laravel\\framework\\src\\Illuminate\\Routing\\ControllerDispatcher.php(45): Illuminate\\Routing\\Controller->callAction('login', Array)
#5 C:\\Users\\wacef\\Desktop\\ISET\\DSI32\\Projet d'integration\\Workspace\\PiLaravel\\blog\\vendor\\laravel\\framework\\src\\Illuminate\\Routing\\Route.php(219): Illuminate\\Routing\\ControllerDispatcher->dispatch(Object(Illuminate\\Routing\\Route), Object(App\\Http\\Controllers\\Api\\Api), 'login')
#6 C:\\Users\\wacef\\Desktop\\ISET\\DSI32\\Projet d'integration\\Workspace\\PiLaravel\\blog\\vendor\\laravel\\framework\\src\\Illuminate\\Routing\\Route.php(176): Illuminate\\Routing\\Route->runController()
#7 C:\\Users\\wacef\\Desktop\\ISET\\DSI32\\Projet d'integration\\Workspace\\PiLaravel\\blog\\vendor\\laravel\\framework\\src\\Illuminate\\Routing\\Router.php(680): Illuminate\\Routing\\Route->run()
#8 C:\\Users\\wacef\\Desktop\\ISET\\DSI32\\Projet d'integration\\Workspace\\PiLaravel\\blog\\vendor\\laravel\\framework\\src\\Illuminate\\Routing\\Pipeline.php(30): Illuminate\\Routing\\Router->Illuminate\\Routing\\{closure}(Object(Illuminate\\Http\\Request))
#9 C:\\Users\\wacef\\Desktop\\ISET\\DSI32\\Projet d'integration\\Workspace\\PiLaravel\\blog\\vendor\\laravel\\framework\\src\\Illuminate\\Routing\\Middleware\\SubstituteBindings.php(41): Illuminate\\Routing\\Pipeline->Illuminate\\Routing\\{closure}(Object(Illuminate\\Http\\Request))
#10 C:\\Users\\wacef\\Desktop\\ISET\\DSI32\\Projet d'integration\\Workspace\\PiLaravel\\blog\\vendor\\laravel\\framework\\src\\Illuminate\\Pipeline\\Pipeline.php(163): Illuminate\\Routing\\Middleware\\SubstituteBindings->handle(Object(Illuminate\\Http\\Request), Object(Closure))
#11 C:\\Users\\wacef\\Desktop\\ISET\\DSI32\\Projet d'integration\\Workspace\\PiLaravel\\blog\\vendor\\laravel\\framework\\src\\Illuminate\\Routing\\Pipeline.php(53): Illuminate\\Pipeline\\Pipeline->Illuminate\\Pipeline\\{closure}(Object(Illuminate\\Http\\Request))
#12 C:\\Users\\wacef\\Desktop\\ISET\\DSI32\\Projet d'integration\\Workspace\\PiLaravel\\blog\\vendor\\laravel\\framework\\src\\Illuminate\\Routing\\Middleware\\ThrottleRequests.php(58): Illuminate\\Routing\\Pipeline->Illuminate\\Routing\\{closure}(Object(Illuminate\\Http\\Request))
#13 C:\\Users\\wacef\\Desktop\\ISET\\DSI32\\Projet d'integration\\Workspace\\PiLaravel\\blog\\vendor\\laravel\\framework\\src\\Illuminate\\Pipeline\\Pipeline.php(163): Illuminate\\Routing\\Middleware\\ThrottleRequests->handle(Object(Illuminate\\Http\\Request), Object(Closure), 60, '1')
#14 C:\\Users\\wacef\\Desktop\\ISET\\DSI32\\Projet d'integration\\Workspace\\PiLaravel\\blog\\vendor\\laravel\\framework\\src\\Illuminate\\Routing\\Pipeline.php(53): Illuminate\\Pipeline\\Pipeline->Illuminate\\Pipeline\\{closure}(Object(Illuminate\\Http\\Request))
#15 C:\\Users\\wacef\\Desktop\\ISET\\DSI32\\Projet d'integration\\Workspace\\PiLaravel\\blog\\vendor\\laravel\\framework\\src\\Illuminate\\Pipeline\\Pipeline.php(104): Illuminate\\Routing\\Pipeline->Illuminate\\Routing\\{closure}(Object(Illuminate\\Http\\Request))
#16 C:\\Users\\wacef\\Desktop\\ISET\\DSI32\\Projet d'integration\\Workspace\\PiLaravel\\blog\\vendor\\laravel\\framework\\src\\Illuminate\\Routing\\Router.php(682): Illuminate\\Pipeline\\Pipeline->then(Object(Closure))
#17 C:\\Users\\wacef\\Desktop\\ISET\\DSI32\\Projet d'integration\\Workspace\\PiLaravel\\blog\\vendor\\laravel\\framework\\src\\Illuminate\\Routing\\Router.php(657): Illuminate\\Routing\\Router->runRouteWithinStack(Object(Illuminate\\Routing\\Route), Object(Illuminate\\Http\\Request))
#18 C:\\Users\\wacef\\Desktop\\ISET\\DSI32\\Projet d'integration\\Workspace\\PiLaravel\\blog\\vendor\\laravel\\framework\\src\\Illuminate\\Routing\\Router.php(623): Illuminate\\Routing\\Router->runRoute(Object(Illuminate\\Http\\Request), Object(Illuminate\\Routing\\Route))
#19 C:\\Users\\wacef\\Desktop\\ISET\\DSI32\\Projet d'integration\\Workspace\\PiLaravel\\blog\\vendor\\laravel\\framework\\src\\Illuminate\\Routing\\Router.php(612): Illuminate\\Routing\\Router->dispatchToRoute(Object(Illuminate\\Http\\Request))
#20 C:\\Users\\wacef\\Desktop\\ISET\\DSI32\\Projet d'integration\\Workspace\\PiLaravel\\blog\\vendor\\laravel\\framework\\src\\Illuminate\\Foundation\\Http\\Kernel.php(176): Illuminate\\Routing\\Router->dispatch(Object(Illuminate\\Http\\Request))
#21 C:\\Users\\wacef\\Desktop\\ISET\\DSI32\\Projet d'integration\\Workspace\\PiLaravel\\blog\\vendor\\laravel\\framework\\src\\Illuminate\\Routing\\Pipeline.php(30): Illuminate\\Foundation\\Http\\Kernel->Illuminate\\Foundation\\Http\\{closure}(Object(Illuminate\\Http\\Request))
#22 C:\\Users\\wacef\\Desktop\\ISET\\DSI32\\Projet d'integration\\Workspace\\PiLaravel\\blog\\vendor\\laravel\\framework\\src\\Illuminate\\Foundation\\Http\\Middleware\\TransformsRequest.php(21): Illuminate\\Routing\\Pipeline->Illuminate\\Routing\\{closure}(Object(Illuminate\\Http\\Request))
#23 C:\\Users\\wacef\\Desktop\\ISET\\DSI32\\Projet d'integration\\Workspace\\PiLaravel\\blog\\vendor\\laravel\\framework\\src\\Illuminate\\Pipeline\\Pipeline.php(163): Illuminate\\Foundation\\Http\\Middleware\\TransformsRequest->handle(Object(Illuminate\\Http\\Request), Object(Closure))
#24 C:\\Users\\wacef\\Desktop\\ISET\\DSI32\\Projet d'integration\\Workspace\\PiLaravel\\blog\\vendor\\laravel\\framework\\src\\Illuminate\\Routing\\Pipeline.php(53): Illuminate\\Pipeline\\Pipeline->Illuminate\\Pipeline\\{closure}(Object(Illuminate\\Http\\Request))
#25 C:\\Users\\wacef\\Desktop\\ISET\\DSI32\\Projet d'integration\\Workspace\\PiLaravel\\blog\\vendor\\laravel\\framework\\src\\Illuminate\\Foundation\\Http\\Middleware\\TransformsRequest.php(21): Illuminate\\Routing\\Pipeline->Illuminate\\Routing\\{closure}(Object(Illuminate\\Http\\Request))
#26 C:\\Users\\wacef\\Desktop\\ISET\\DSI32\\Projet d'integration\\Workspace\\PiLaravel\\blog\\vendor\\laravel\\framework\\src\\Illuminate\\Pipeline\\Pipeline.php(163): Illuminate\\Foundation\\Http\\Middleware\\TransformsRequest->handle(Object(Illuminate\\Http\\Request), Object(Closure))
#27 C:\\Users\\wacef\\Desktop\\ISET\\DSI32\\Projet d'integration\\Workspace\\PiLaravel\\blog\\vendor\\laravel\\framework\\src\\Illuminate\\Routing\\Pipeline.php(53): Illuminate\\Pipeline\\Pipeline->Illuminate\\Pipeline\\{closure}(Object(Illuminate\\Http\\Request))
#28 C:\\Users\\wacef\\Desktop\\ISET\\DSI32\\Projet d'integration\\Workspace\\PiLaravel\\blog\\vendor\\laravel\\framework\\src\\Illuminate\\Foundation\\Http\\Middleware\\ValidatePostSize.php(27): Illuminate\\Routing\\Pipeline->Illuminate\\Routing\\{closure}(Object(Illuminate\\Http\\Request))
#29 C:\\Users\\wacef\\Desktop\\ISET\\DSI32\\Projet d'integration\\Workspace\\PiLaravel\\blog\\vendor\\laravel\\framework\\src\\Illuminate\\Pipeline\\Pipeline.php(163): Illuminate\\Foundation\\Http\\Middleware\\ValidatePostSize->handle(Object(Illuminate\\Http\\Request), Object(Closure))
#30 C:\\Users\\wacef\\Desktop\\ISET\\DSI32\\Projet d'integration\\Workspace\\PiLaravel\\blog\\vendor\\laravel\\framework\\src\\Illuminate\\Routing\\Pipeline.php(53): Illuminate\\Pipeline\\Pipeline->Illuminate\\Pipeline\\{closure}(Object(Illuminate\\Http\\Request))
#31 C:\\Users\\wacef\\Desktop\\ISET\\DSI32\\Projet d'integration\\Workspace\\PiLaravel\\blog\\vendor\\laravel\\framework\\src\\Illuminate\\Foundation\\Http\\Middleware\\CheckForMaintenanceMode.php(62): Illuminate\\Routing\\Pipeline->Illuminate\\Routing\\{closure}(Object(Illuminate\\Http\\Request))
#32 C:\\Users\\wacef\\Desktop\\ISET\\DSI32\\Projet d'integration\\Workspace\\PiLaravel\\blog\\vendor\\laravel\\framework\\src\\Illuminate\\Pipeline\\Pipeline.php(163): Illuminate\\Foundation\\Http\\Middleware\\CheckForMaintenanceMode->handle(Object(Illuminate\\Http\\Request), Object(Closure))
#33 C:\\Users\\wacef\\Desktop\\ISET\\DSI32\\Projet d'integration\\Workspace\\PiLaravel\\blog\\vendor\\laravel\\framework\\src\\Illuminate\\Routing\\Pipeline.php(53): Illuminate\\Pipeline\\Pipeline->Illuminate\\Pipeline\\{closure}(Object(Illuminate\\Http\\Request))
#34 C:\\Users\\wacef\\Desktop\\ISET\\DSI32\\Projet d'integration\\Workspace\\PiLaravel\\blog\\vendor\\fideloper\\proxy\\src\\TrustProxies.php(57): Illuminate\\Routing\\Pipeline->Illuminate\\Routing\\{closure}(Object(Illuminate\\Http\\Request))
#35 C:\\Users\\wacef\\Desktop\\ISET\\DSI32\\Projet d'integration\\Workspace\\PiLaravel\\blog\\vendor\\laravel\\framework\\src\\Illuminate\\Pipeline\\Pipeline.php(163): Fideloper\\Proxy\\TrustProxies->handle(Object(Illuminate\\Http\\Request), Object(Closure))
#36 C:\\Users\\wacef\\Desktop\\ISET\\DSI32\\Projet d'integration\\Workspace\\PiLaravel\\blog\\vendor\\laravel\\framework\\src\\Illuminate\\Routing\\Pipeline.php(53): Illuminate\\Pipeline\\Pipeline->Illuminate\\Pipeline\\{closure}(Object(Illuminate\\Http\\Request))
#37 C:\\Users\\wacef\\Desktop\\ISET\\DSI32\\Projet d'integration\\Workspace\\PiLaravel\\blog\\vendor\\laravel\\framework\\src\\Illuminate\\Pipeline\\Pipeline.php(104): Illuminate\\Routing\\Pipeline->Illuminate\\Routing\\{closure}(Object(Illuminate\\Http\\Request))
#38 C:\\Users\\wacef\\Desktop\\ISET\\DSI32\\Projet d'integration\\Workspace\\PiLaravel\\blog\\vendor\\laravel\\framework\\src\\Illuminate\\Foundation\\Http\\Kernel.php(151): Illuminate\\Pipeline\\Pipeline->then(Object(Closure))
#39 C:\\Users\\wacef\\Desktop\\ISET\\DSI32\\Projet d'integration\\Workspace\\PiLaravel\\blog\\vendor\\laravel\\framework\\src\\Illuminate\\Foundation\\Http\\Kernel.php(116): Illuminate\\Foundation\\Http\\Kernel->sendRequestThroughRouter(Object(Illuminate\\Http\\Request))
#40 C:\\Users\\wacef\\Desktop\\ISET\\DSI32\\Projet d'integration\\Workspace\\PiLaravel\\blog\\public\\index.php(55): Illuminate\\Foundation\\Http\\Kernel->handle(Object(Illuminate\\Http\\Request))
#41 C:\\Users\\wacef\\Desktop\\ISET\\DSI32\\Projet d'integration\\Workspace\\PiLaravel\\blog\\server.php(21): require_once('C:\\\\Users\\\\wacef\\\\...')
#42 {main}
"} 
[2020-12-20 19:25:48] local.ERROR: Unsuccessful Authorization {"exception":"[object] (Edujugon\\Laradoo\\Exceptions\\OdooException(code: 0): Unsuccessful Authorization at C:\\Users\\wacef\\Desktop\\ISET\\DSI32\\Projet d'integration\\Workspace\\PiLaravel\\blog\\vendor\\edujugon\\laradoo\\src\\Odoo.php:637)
[stacktrace]
#0 C:\\Users\\wacef\\Desktop\\ISET\\DSI32\\Projet d'integration\\Workspace\\PiLaravel\\blog\\vendor\\edujugon\\laradoo\\src\\Odoo.php(156): Edujugon\\Laradoo\\Odoo->auth('shopping1', 'wacef.stratrait...', 'admin', Array)
#1 C:\\Users\\wacef\\Desktop\\ISET\\DSI32\\Projet d'integration\\Workspace\\PiLaravel\\blog\\app\\Http\\Controllers\\Api\\Api.php(27): Edujugon\\Laradoo\\Odoo->connect()
#2 [internal function]: App\\Http\\Controllers\\Api\\Api->login(Object(Illuminate\\Http\\Request))
#3 C:\\Users\\wacef\\Desktop\\ISET\\DSI32\\Projet d'integration\\Workspace\\PiLaravel\\blog\\vendor\\laravel\\framework\\src\\Illuminate\\Routing\\Controller.php(54): call_user_func_array(Array, Array)
#4 C:\\Users\\wacef\\Desktop\\ISET\\DSI32\\Projet d'integration\\Workspace\\PiLaravel\\blog\\vendor\\laravel\\framework\\src\\Illuminate\\Routing\\ControllerDispatcher.php(45): Illuminate\\Routing\\Controller->callAction('login', Array)
#5 C:\\Users\\wacef\\Desktop\\ISET\\DSI32\\Projet d'integration\\Workspace\\PiLaravel\\blog\\vendor\\laravel\\framework\\src\\Illuminate\\Routing\\Route.php(219): Illuminate\\Routing\\ControllerDispatcher->dispatch(Object(Illuminate\\Routing\\Route), Object(App\\Http\\Controllers\\Api\\Api), 'login')
#6 C:\\Users\\wacef\\Desktop\\ISET\\DSI32\\Projet d'integration\\Workspace\\PiLaravel\\blog\\vendor\\laravel\\framework\\src\\Illuminate\\Routing\\Route.php(176): Illuminate\\Routing\\Route->runController()
#7 C:\\Users\\wacef\\Desktop\\ISET\\DSI32\\Projet d'integration\\Workspace\\PiLaravel\\blog\\vendor\\laravel\\framework\\src\\Illuminate\\Routing\\Router.php(680): Illuminate\\Routing\\Route->run()
#8 C:\\Users\\wacef\\Desktop\\ISET\\DSI32\\Projet d'integration\\Workspace\\PiLaravel\\blog\\vendor\\laravel\\framework\\src\\Illuminate\\Routing\\Pipeline.php(30): Illuminate\\Routing\\Router->Illuminate\\Routing\\{closure}(Object(Illuminate\\Http\\Request))
#9 C:\\Users\\wacef\\Desktop\\ISET\\DSI32\\Projet d'integration\\Workspace\\PiLaravel\\blog\\vendor\\laravel\\framework\\src\\Illuminate\\Routing\\Middleware\\SubstituteBindings.php(41): Illuminate\\Routing\\Pipeline->Illuminate\\Routing\\{closure}(Object(Illuminate\\Http\\Request))
#10 C:\\Users\\wacef\\Desktop\\ISET\\DSI32\\Projet d'integration\\Workspace\\PiLaravel\\blog\\vendor\\laravel\\framework\\src\\Illuminate\\Pipeline\\Pipeline.php(163): Illuminate\\Routing\\Middleware\\SubstituteBindings->handle(Object(Illuminate\\Http\\Request), Object(Closure))
#11 C:\\Users\\wacef\\Desktop\\ISET\\DSI32\\Projet d'integration\\Workspace\\PiLaravel\\blog\\vendor\\laravel\\framework\\src\\Illuminate\\Routing\\Pipeline.php(53): Illuminate\\Pipeline\\Pipeline->Illuminate\\Pipeline\\{closure}(Object(Illuminate\\Http\\Request))
#12 C:\\Users\\wacef\\Desktop\\ISET\\DSI32\\Projet d'integration\\Workspace\\PiLaravel\\blog\\vendor\\laravel\\framework\\src\\Illuminate\\Routing\\Middleware\\ThrottleRequests.php(58): Illuminate\\Routing\\Pipeline->Illuminate\\Routing\\{closure}(Object(Illuminate\\Http\\Request))
#13 C:\\Users\\wacef\\Desktop\\ISET\\DSI32\\Projet d'integration\\Workspace\\PiLaravel\\blog\\vendor\\laravel\\framework\\src\\Illuminate\\Pipeline\\Pipeline.php(163): Illuminate\\Routing\\Middleware\\ThrottleRequests->handle(Object(Illuminate\\Http\\Request), Object(Closure), 60, '1')
#14 C:\\Users\\wacef\\Desktop\\ISET\\DSI32\\Projet d'integration\\Workspace\\PiLaravel\\blog\\vendor\\laravel\\framework\\src\\Illuminate\\Routing\\Pipeline.php(53): Illuminate\\Pipeline\\Pipeline->Illuminate\\Pipeline\\{closure}(Object(Illuminate\\Http\\Request))
#15 C:\\Users\\wacef\\Desktop\\ISET\\DSI32\\Projet d'integration\\Workspace\\PiLaravel\\blog\\vendor\\laravel\\framework\\src\\Illuminate\\Pipeline\\Pipeline.php(104): Illuminate\\Routing\\Pipeline->Illuminate\\Routing\\{closure}(Object(Illuminate\\Http\\Request))
#16 C:\\Users\\wacef\\Desktop\\ISET\\DSI32\\Projet d'integration\\Workspace\\PiLaravel\\blog\\vendor\\laravel\\framework\\src\\Illuminate\\Routing\\Router.php(682): Illuminate\\Pipeline\\Pipeline->then(Object(Closure))
#17 C:\\Users\\wacef\\Desktop\\ISET\\DSI32\\Projet d'integration\\Workspace\\PiLaravel\\blog\\vendor\\laravel\\framework\\src\\Illuminate\\Routing\\Router.php(657): Illuminate\\Routing\\Router->runRouteWithinStack(Object(Illuminate\\Routing\\Route), Object(Illuminate\\Http\\Request))
#18 C:\\Users\\wacef\\Desktop\\ISET\\DSI32\\Projet d'integration\\Workspace\\PiLaravel\\blog\\vendor\\laravel\\framework\\src\\Illuminate\\Routing\\Router.php(623): Illuminate\\Routing\\Router->runRoute(Object(Illuminate\\Http\\Request), Object(Illuminate\\Routing\\Route))
#19 C:\\Users\\wacef\\Desktop\\ISET\\DSI32\\Projet d'integration\\Workspace\\PiLaravel\\blog\\vendor\\laravel\\framework\\src\\Illuminate\\Routing\\Router.php(612): Illuminate\\Routing\\Router->dispatchToRoute(Object(Illuminate\\Http\\Request))
#20 C:\\Users\\wacef\\Desktop\\ISET\\DSI32\\Projet d'integration\\Workspace\\PiLaravel\\blog\\vendor\\laravel\\framework\\src\\Illuminate\\Foundation\\Http\\Kernel.php(176): Illuminate\\Routing\\Router->dispatch(Object(Illuminate\\Http\\Request))
#21 C:\\Users\\wacef\\Desktop\\ISET\\DSI32\\Projet d'integration\\Workspace\\PiLaravel\\blog\\vendor\\laravel\\framework\\src\\Illuminate\\Routing\\Pipeline.php(30): Illuminate\\Foundation\\Http\\Kernel->Illuminate\\Foundation\\Http\\{closure}(Object(Illuminate\\Http\\Request))
#22 C:\\Users\\wacef\\Desktop\\ISET\\DSI32\\Projet d'integration\\Workspace\\PiLaravel\\blog\\vendor\\laravel\\framework\\src\\Illuminate\\Foundation\\Http\\Middleware\\TransformsRequest.php(21): Illuminate\\Routing\\Pipeline->Illuminate\\Routing\\{closure}(Object(Illuminate\\Http\\Request))
#23 C:\\Users\\wacef\\Desktop\\ISET\\DSI32\\Projet d'integration\\Workspace\\PiLaravel\\blog\\vendor\\laravel\\framework\\src\\Illuminate\\Pipeline\\Pipeline.php(163): Illuminate\\Foundation\\Http\\Middleware\\TransformsRequest->handle(Object(Illuminate\\Http\\Request), Object(Closure))
#24 C:\\Users\\wacef\\Desktop\\ISET\\DSI32\\Projet d'integration\\Workspace\\PiLaravel\\blog\\vendor\\laravel\\framework\\src\\Illuminate\\Routing\\Pipeline.php(53): Illuminate\\Pipeline\\Pipeline->Illuminate\\Pipeline\\{closure}(Object(Illuminate\\Http\\Request))
#25 C:\\Users\\wacef\\Desktop\\ISET\\DSI32\\Projet d'integration\\Workspace\\PiLaravel\\blog\\vendor\\laravel\\framework\\src\\Illuminate\\Foundation\\Http\\Middleware\\TransformsRequest.php(21): Illuminate\\Routing\\Pipeline->Illuminate\\Routing\\{closure}(Object(Illuminate\\Http\\Request))
#26 C:\\Users\\wacef\\Desktop\\ISET\\DSI32\\Projet d'integration\\Workspace\\PiLaravel\\blog\\vendor\\laravel\\framework\\src\\Illuminate\\Pipeline\\Pipeline.php(163): Illuminate\\Foundation\\Http\\Middleware\\TransformsRequest->handle(Object(Illuminate\\Http\\Request), Object(Closure))
#27 C:\\Users\\wacef\\Desktop\\ISET\\DSI32\\Projet d'integration\\Workspace\\PiLaravel\\blog\\vendor\\laravel\\framework\\src\\Illuminate\\Routing\\Pipeline.php(53): Illuminate\\Pipeline\\Pipeline->Illuminate\\Pipeline\\{closure}(Object(Illuminate\\Http\\Request))
#28 C:\\Users\\wacef\\Desktop\\ISET\\DSI32\\Projet d'integration\\Workspace\\PiLaravel\\blog\\vendor\\laravel\\framework\\src\\Illuminate\\Foundation\\Http\\Middleware\\ValidatePostSize.php(27): Illuminate\\Routing\\Pipeline->Illuminate\\Routing\\{closure}(Object(Illuminate\\Http\\Request))
#29 C:\\Users\\wacef\\Desktop\\ISET\\DSI32\\Projet d'integration\\Workspace\\PiLaravel\\blog\\vendor\\laravel\\framework\\src\\Illuminate\\Pipeline\\Pipeline.php(163): Illuminate\\Foundation\\Http\\Middleware\\ValidatePostSize->handle(Object(Illuminate\\Http\\Request), Object(Closure))
#30 C:\\Users\\wacef\\Desktop\\ISET\\DSI32\\Projet d'integration\\Workspace\\PiLaravel\\blog\\vendor\\laravel\\framework\\src\\Illuminate\\Routing\\Pipeline.php(53): Illuminate\\Pipeline\\Pipeline->Illuminate\\Pipeline\\{closure}(Object(Illuminate\\Http\\Request))
#31 C:\\Users\\wacef\\Desktop\\ISET\\DSI32\\Projet d'integration\\Workspace\\PiLaravel\\blog\\vendor\\laravel\\framework\\src\\Illuminate\\Foundation\\Http\\Middleware\\CheckForMaintenanceMode.php(62): Illuminate\\Routing\\Pipeline->Illuminate\\Routing\\{closure}(Object(Illuminate\\Http\\Request))
#32 C:\\Users\\wacef\\Desktop\\ISET\\DSI32\\Projet d'integration\\Workspace\\PiLaravel\\blog\\vendor\\laravel\\framework\\src\\Illuminate\\Pipeline\\Pipeline.php(163): Illuminate\\Foundation\\Http\\Middleware\\CheckForMaintenanceMode->handle(Object(Illuminate\\Http\\Request), Object(Closure))
#33 C:\\Users\\wacef\\Desktop\\ISET\\DSI32\\Projet d'integration\\Workspace\\PiLaravel\\blog\\vendor\\laravel\\framework\\src\\Illuminate\\Routing\\Pipeline.php(53): Illuminate\\Pipeline\\Pipeline->Illuminate\\Pipeline\\{closure}(Object(Illuminate\\Http\\Request))
#34 C:\\Users\\wacef\\Desktop\\ISET\\DSI32\\Projet d'integration\\Workspace\\PiLaravel\\blog\\vendor\\fideloper\\proxy\\src\\TrustProxies.php(57): Illuminate\\Routing\\Pipeline->Illuminate\\Routing\\{closure}(Object(Illuminate\\Http\\Request))
#35 C:\\Users\\wacef\\Desktop\\ISET\\DSI32\\Projet d'integration\\Workspace\\PiLaravel\\blog\\vendor\\laravel\\framework\\src\\Illuminate\\Pipeline\\Pipeline.php(163): Fideloper\\Proxy\\TrustProxies->handle(Object(Illuminate\\Http\\Request), Object(Closure))
#36 C:\\Users\\wacef\\Desktop\\ISET\\DSI32\\Projet d'integration\\Workspace\\PiLaravel\\blog\\vendor\\laravel\\framework\\src\\Illuminate\\Routing\\Pipeline.php(53): Illuminate\\Pipeline\\Pipeline->Illuminate\\Pipeline\\{closure}(Object(Illuminate\\Http\\Request))
#37 C:\\Users\\wacef\\Desktop\\ISET\\DSI32\\Projet d'integration\\Workspace\\PiLaravel\\blog\\vendor\\laravel\\framework\\src\\Illuminate\\Pipeline\\Pipeline.php(104): Illuminate\\Routing\\Pipeline->Illuminate\\Routing\\{closure}(Object(Illuminate\\Http\\Request))
#38 C:\\Users\\wacef\\Desktop\\ISET\\DSI32\\Projet d'integration\\Workspace\\PiLaravel\\blog\\vendor\\laravel\\framework\\src\\Illuminate\\Foundation\\Http\\Kernel.php(151): Illuminate\\Pipeline\\Pipeline->then(Object(Closure))
#39 C:\\Users\\wacef\\Desktop\\ISET\\DSI32\\Projet d'integration\\Workspace\\PiLaravel\\blog\\vendor\\laravel\\framework\\src\\Illuminate\\Foundation\\Http\\Kernel.php(116): Illuminate\\Foundation\\Http\\Kernel->sendRequestThroughRouter(Object(Illuminate\\Http\\Request))
#40 C:\\Users\\wacef\\Desktop\\ISET\\DSI32\\Projet d'integration\\Workspace\\PiLaravel\\blog\\public\\index.php(55): Illuminate\\Foundation\\Http\\Kernel->handle(Object(Illuminate\\Http\\Request))
#41 C:\\Users\\wacef\\Desktop\\ISET\\DSI32\\Projet d'integration\\Workspace\\PiLaravel\\blog\\server.php(21): require_once('C:\\\\Users\\\\wacef\\\\...')
#42 {main}
"} 
